extDB2: Version: 71
extDB2: https://github.com/Torndeco/extDB2
extDB2: Windows Version
Message: All development for extDB2 is done on a Linux Dedicated Server
Message: If you would like to Donate to extDB2 Development
Message: https://www.paypal.com/cgi-bin/webscr?cmd=_s-xclick&hosted_button_id=2SUEFTGABTAM2
Message: Also leave a message if there is any particular feature you would like to see added.
Message: Thanks for all the people that have donated.
Message: Torndeco: 20/02/15


extDB2: Found extdb-conf.ini
extDB2: Detected 8 Cores, Setting up 6 Worker Threads


[18:38:23:611362 +00:-1] [Thread 4456] extDB2: Error Unknown Protocol: any  Input String: 2:any:getMayor:1
[18:38:23:625419 +00:-1] [Thread 4456] extDB2: Database Type: MySQL
[18:38:23:636827 +00:-1] [Thread 4456] extDB2: Database Session Pool Started
[18:38:23:638361 +00:-1] [Thread 4456] extDB2: SQL_CUSTOM_V2: Loading Template Filename: C:\steamcmd\steamapps\common\Arma 3 Server\@extDB2\extDB\sql_custom_v2\rpframework.ini
[18:38:23:638513 +00:-1] [Thread 4456] extDB2: SQL_CUSTOM_V2: Version 10 Detected, Latest Version 12 Available
[18:38:23:641920 +00:-1] [Thread 3800] extDB2: SQL_CUSTOM_V2: Error No Custom Call Not Found: Input String rallyracetimes
[18:38:23:641980 +00:-1] [Thread 3800] extDB2: SQL_CUSTOM_V2: Error No Custom Call Not Found: Callname rallyracetimes
[18:38:23:655627 +00:-1] [Thread 4456] extDB2: Error: Syntax error: Not a valid integer: Error Unknown Protocol
[18:38:23:655695 +00:-1] [Thread 4456] extDB2: Error: Input String 4:Error Unknown Protocol
[19:48:48:992687 +00:-1] [Thread 4456] extDB2: Stopping ...
