extDB2: Version: 71
extDB2: https://github.com/Torndeco/extDB2
extDB2: Windows Version
Message: All development for extDB2 is done on a Linux Dedicated Server
Message: If you would like to Donate to extDB2 Development
Message: https://www.paypal.com/cgi-bin/webscr?cmd=_s-xclick&hosted_button_id=2SUEFTGABTAM2
Message: Also leave a message if there is any particular feature you would like to see added.
Message: Thanks for all the people that have donated.
Message: Torndeco: 20/02/15


extDB2: Found extdb-conf.ini
extDB2: Detected 8 Cores, Setting up 6 Worker Threads


[21:04:34:527160 +00:-1] [Thread 2272] extDB2: Database Type: MySQL
[21:04:34:541395 +00:-1] [Thread 2272] extDB2: Database Session Pool Started
[21:04:34:542939 +00:-1] [Thread 2272] extDB2: SQL_CUSTOM_V2: Loading Template Filename: C:\Users\root\Desktop\APNopixel\@extDB2\extDB\sql_custom_v2\rpframework.ini
[21:04:34:543093 +00:-1] [Thread 2272] extDB2: SQL_CUSTOM_V2: Version 10 Detected, Latest Version 12 Available
[21:04:34:545707 +00:-1] [Thread 3984] extDB2: SQL_CUSTOM_V2: Error No Custom Call Not Found: Input String getMayor:1
[21:04:34:545753 +00:-1] [Thread 3984] extDB2: SQL_CUSTOM_V2: Error No Custom Call Not Found: Callname getMayor
[21:04:34:545890 +00:-1] [Thread 3984] extDB2: SQL_CUSTOM_V2: Error No Custom Call Not Found: Input String rallyracetimes
[21:04:34:545931 +00:-1] [Thread 3984] extDB2: SQL_CUSTOM_V2: Error No Custom Call Not Found: Callname rallyracetimes
[21:12:27:043912 +00:-1] [Thread 2272] extDB2: SQL_CUSTOM_V2: Error StatementException: MySQL: [MySQL]: [Comment]: mysql_stmt_execute error	[mysql_stmt_error]: Data too long for column 'message' at row 1	[mysql_stmt_errno]: 1406	[mysql_stmt_sqlstate]: 22001	[statemnt]: INSERT INTO mail (message, title, sender, receiver) VALUES (?,?,?,?)
[21:12:27:044055 +00:-1] [Thread 2272] extDB2: SQL_CUSTOM_V2: Wiping Statements + Session
[21:12:27:044090 +00:-1] [Thread 2272] extDB2: SQL_CUSTOM_V2: Error: UniqueID: 1 Input String: insertMail:Hi, this is your first mail message, welcome to Silver Lake!:Dear Phantom:Silver Lake Government:76561198182692634
[21:12:27:197583 +00:-1] [Thread 2272] extDB2: SQL_CUSTOM_V2: Error StatementException: MySQL: [MySQL]: [Comment]: mysql_stmt_execute error	[mysql_stmt_error]: Data too long for column 'message' at row 1	[mysql_stmt_errno]: 1406	[mysql_stmt_sqlstate]: 22001	[statemnt]: INSERT INTO messages (message, title, sender, receiver) VALUES (?,?,?,?)
[21:12:27:197714 +00:-1] [Thread 2272] extDB2: SQL_CUSTOM_V2: Wiping Statements + Session
[21:12:27:197763 +00:-1] [Thread 2272] extDB2: SQL_CUSTOM_V2: Error: UniqueID: 1 Input String: insertMessage:Hi, this is your first text message, welcome to the Silver Lake Verizon network!:Dear Phantom:Verizon:76561198182692634
[21:14:11:583052 +00:-1] [Thread 2272] extDB2: SQL_CUSTOM_V2: Error StatementException: MySQL: [MySQL]: [Comment]: mysql_stmt_execute error	[mysql_stmt_error]: Data too long for column 'message' at row 1	[mysql_stmt_errno]: 1406	[mysql_stmt_sqlstate]: 22001	[statemnt]: INSERT INTO mail (message, title, sender, receiver) VALUES (?,?,?,?)
[21:14:11:583194 +00:-1] [Thread 2272] extDB2: SQL_CUSTOM_V2: Wiping Statements + Session
[21:14:11:583230 +00:-1] [Thread 2272] extDB2: SQL_CUSTOM_V2: Error: UniqueID: 1 Input String: insertMail:Hi, this is your first mail message, welcome to Silver Lake!:Dear Hayden Hutchenson:Silver Lake Government:76561198308412203
[21:14:11:737401 +00:-1] [Thread 2272] extDB2: SQL_CUSTOM_V2: Error StatementException: MySQL: [MySQL]: [Comment]: mysql_stmt_execute error	[mysql_stmt_error]: Data too long for column 'message' at row 1	[mysql_stmt_errno]: 1406	[mysql_stmt_sqlstate]: 22001	[statemnt]: INSERT INTO messages (message, title, sender, receiver) VALUES (?,?,?,?)
[21:14:11:737532 +00:-1] [Thread 2272] extDB2: SQL_CUSTOM_V2: Wiping Statements + Session
[21:14:11:737567 +00:-1] [Thread 2272] extDB2: SQL_CUSTOM_V2: Error: UniqueID: 1 Input String: insertMessage:Hi, this is your first text message, welcome to the Silver Lake Verizon network!:Dear Hayden Hutchenson:Verizon:76561198308412203
[21:23:46:994968 +00:-1] [Thread 2272] extDB2: Stopping ...
